
**** Build of configuration Debug for project algoritm_and_data ****

Nothing to build for project algoritm_and_data

**** Build of configuration Debug for project algoritm_and_data ****

Nothing to build for project algoritm_and_data
18:47:55 **** Incremental Build of configuration Debug for project algoritm_and_data ****
make all 
Building file: ../vector_1.cpp
Invoking: GCC C++ Compiler
g++ -O0 -g3 -Wall -c -fmessage-length=0 -MMD -MP -MF"vector_1.d" -MT"vector_1.o" -o "vector_1.o" "../vector_1.cpp"
Finished building: ../vector_1.cpp
 
Building target: algoritm_and_data
Invoking: GCC C++ Linker
g++  -o "algoritm_and_data"  ./vector_1.o   
Finished building target: algoritm_and_data
 
19:53:51 **** Incremental Build of configuration Debug for project algoritm_and_data ****
make all 
Building file: ../vector_1.cpp
Invoking: GCC C++ Compiler
g++ -O0 -g3 -Wall -c -fmessage-length=0 -MMD -MP -MF"vector_1.d" -MT"vector_1.o" -o "vector_1.o" "../vector_1.cpp"
../vector_1.cpp: In function ‘int main()’:
../vector_1.cpp:17:12: error: no match for ‘operator<<’ (operand types are ‘std::ostream {aka std::basic_ostream<char>}’ and ‘std::vector<char>’)
  std::cout << stack << std::endl;
  ~~~~~~~~~~^~~~~~~~
In file included from /usr/include/c++/7/iostream:39:0,
                 from ../vector_1.cpp:1:
/usr/include/c++/7/ostream:108:7: note: candidate: std::basic_ostream<_CharT, _Traits>::__ostream_type& std::basic_ostream<_CharT, _Traits>::operator<<(std::basic_ostream<_CharT, _Traits>::__ostream_type& (*)(std::basic_ostream<_CharT, _Traits>::__ostream_type&)) [with _CharT = char; _Traits = std::char_traits<char>; std::basic_ostream<_CharT, _Traits>::__ostream_type = std::basic_ostream<char>]
       operator<<(__ostream_type& (*__pf)(__ostream_type&))
       ^~~~~~~~
/usr/include/c++/7/ostream:108:7: note:   no known conversion for argument 1 from ‘std::vector<char>’ to ‘std::basic_ostream<char>::__ostream_type& (*)(std::basic_ostream<char>::__ostream_type&) {aka std::basic_ostream<char>& (*)(std::basic_ostream<char>&)}’
/usr/include/c++/7/ostream:117:7: note: candidate: std::basic_ostream<_CharT, _Traits>::__ostream_type& std::basic_ostream<_CharT, _Traits>::operator<<(std::basic_ostream<_CharT, _Traits>::__ios_type& (*)(std::basic_ostream<_CharT, _Traits>::__ios_type&)) [with _CharT = char; _Traits = std::char_traits<char>; std::basic_ostream<_CharT, _Traits>::__ostream_type = std::basic_ostream<char>; std::basic_ostream<_CharT, _Traits>::__ios_type = std::basic_ios<char>]
       operator<<(__ios_type& (*__pf)(__ios_type&))
       ^~~~~~~~
/usr/include/c++/7/ostream:117:7: note:   no known conversion for argument 1 from ‘std::vector<char>’ to ‘std::basic_ostream<char>::__ios_type& (*)(std::basic_ostream<char>::__ios_type&) {aka std::basic_ios<char>& (*)(std::basic_ios<char>&)}’
/usr/include/c++/7/ostream:127:7: note: candidate: std::basic_ostream<_CharT, _Traits>::__ostream_type& std::basic_ostream<_CharT, _Traits>::operator<<(std::ios_base& (*)(std::ios_base&)) [with _CharT = char; _Traits = std::char_traits<char>; std::basic_ostream<_CharT, _Traits>::__ostream_type = std::basic_ostream<char>]
       operator<<(ios_base& (*__pf) (ios_base&))
       ^~~~~~~~
/usr/include/c++/7/ostream:127:7: note:   no known conversion for argument 1 from ‘std::vector<char>’ to ‘std::ios_base& (*)(std::ios_base&)’
/usr/include/c++/7/ostream:166:7: note: candidate: std::basic_ostream<_CharT, _Traits>::__ostream_type& std::basic_ostream<_CharT, _Traits>::operator<<(long int) [with _CharT = char; _Traits = std::char_traits<char>; std::basic_ostream<_CharT, _Traits>::__ostream_type = std::basic_ostream<char>]
       operator<<(long __n)
       ^~~~~~~~
/usr/include/c++/7/ostream:166:7: note:   no known conversion for argument 1 from ‘std::vector<char>’ to ‘long int’
/usr/include/c++/7/ostream:170:7: note: candidate: std::basic_ostream<_CharT, _Traits>::__ostream_type& std::basic_ostream<_CharT, _Traits>::operator<<(long unsigned int) [with _CharT = char; _Traits = std::char_traits<char>; std::basic_ostream<_CharT, _Traits>::__ostream_type = std::basic_ostream<char>]
subdir.mk:18: recipe for target 'vector_1.o' failed
       operator<<(unsigned long __n)
       ^~~~~~~~
/usr/include/c++/7/ostream:170:7: note:   no known conversion for argument 1 from ‘std::vector<char>’ to ‘long unsigned int’
/usr/include/c++/7/ostream:174:7: note: candidate: std::basic_ostream<_CharT, _Traits>::__ostream_type& std::basic_ostream<_CharT, _Traits>::operator<<(bool) [with _CharT = char; _Traits = std::char_traits<char>; std::basic_ostream<_CharT, _Traits>::__ostream_type = std::basic_ostream<char>]
       operator<<(bool __n)
       ^~~~~~~~
/usr/include/c++/7/ostream:174:7: note:   no known conversion for argument 1 from ‘std::vector<char>’ to ‘bool’
In file included from /usr/include/c++/7/ostream:693:0,
                 from /usr/include/c++/7/iostream:39,
                 from ../vector_1.cpp:1:
/usr/include/c++/7/bits/ostream.tcc:91:5: note: candidate: std::basic_ostream<_CharT, _Traits>& std::basic_ostream<_CharT, _Traits>::operator<<(short int) [with _CharT = char; _Traits = std::char_traits<char>]
     basic_ostream<_CharT, _Traits>::
     ^~~~~~~~~~~~~~~~~~~~~~~~~~~~~~
/usr/include/c++/7/bits/ostream.tcc:91:5: note:   no known conversion for argument 1 from ‘std::vector<char>’ to ‘short int’
In file included from /usr/include/c++/7/iostream:39:0,
                 from ../vector_1.cpp:1:
/usr/include/c++/7/ostream:181:7: note: candidate: std::basic_ostream<_CharT, _Traits>::__ostream_type& std::basic_ostream<_CharT, _Traits>::operator<<(short unsigned int) [with _CharT = char; _Traits = std::char_traits<char>; std::basic_ostream<_CharT, _Traits>::__ostream_type = std::basic_ostream<char>]
       operator<<(unsigned short __n)
       ^~~~~~~~
/usr/include/c++/7/ostream:181:7: note:   no known conversion for argument 1 from ‘std::vector<char>’ to ‘short unsigned int’
In file included from /usr/include/c++/7/ostream:693:0,
                 from /usr/include/c++/7/iostream:39,
                 from ../vector_1.cpp:1:
/usr/include/c++/7/bits/ostream.tcc:105:5: note: candidate: std::basic_ostream<_CharT, _Traits>& std::basic_ostream<_CharT, _Traits>::operator<<(int) [with _CharT = char; _Traits = std::char_traits<char>]
     basic_ostream<_CharT, _Traits>::
     ^~~~~~~~~~~~~~~~~~~~~~~~~~~~~~
/usr/include/c++/7/bits/ostream.tcc:105:5: note:   no known conversion for argument 1 from ‘std::vector<char>’ to ‘int’
In file included from /usr/include/c++/7/iostream:39:0,
                 from ../vector_1.cpp:1:
/usr/include/c++/7/ostream:192:7: note: candidate: std::basic_ostream<_CharT, _Traits>::__ostream_type& std::basic_ostream<_CharT, _Traits>::operator<<(unsigned int) [with _CharT = char; _Traits = std::char_traits<char>; std::basic_ostream<_CharT, _Traits>::__ostream_type = std::basic_ostream<char>]
       operator<<(unsigned int __n)
       ^~~~~~~~
/usr/include/c++/7/ostream:192:7: note:   no known conversion for argument 1 from ‘std::vector<char>’ to ‘unsigned int’
/usr/include/c++/7/ostream:201:7: note: candidate: std::basic_ostream<_CharT, _Traits>::__ostream_type& std::basic_ostream<_CharT, _Traits>::operator<<(long long int) [with _CharT = char; _Traits = std::char_traits<char>; std::basic_ostream<_CharT, _Traits>::__ostream_type = std::basic_ostream<char>]
       operator<<(long long __n)
       ^~~~~~~~
/usr/include/c++/7/ostream:201:7: note:   no known conversion for argument 1 from ‘std::vector<char>’ to ‘long long int’
/usr/include/c++/7/ostream:205:7: note: candidate: std::basic_ostream<_CharT, _Traits>::__ostream_type& std::basic_ostream<_CharT, _Traits>::operator<<(long long unsigned int) [with _CharT = char; _Traits = std::char_traits<char>; std::basic_ostream<_CharT, _Traits>::__ostream_type = std::basic_ostream<char>]
       operator<<(unsigned long long __n)
       ^~~~~~~~
/usr/include/c++/7/ostream:205:7: note:   no known conversion for argument 1 from ‘std::vector<char>’ to ‘long long unsigned int’
/usr/include/c++/7/ostream:220:7: note: candidate: std::basic_ostream<_CharT, _Traits>::__ostream_type& std::basic_ostream<_CharT, _Traits>::operator<<(double) [with _CharT = char; _Traits = std::char_traits<char>; std::basic_ostream<_CharT, _Traits>::__ostream_type = std::basic_ostream<char>]
       operator<<(double __f)
       ^~~~~~~~
/usr/include/c++/7/ostream:220:7: note:   no known conversion for argument 1 from ‘std::vector<char>’ to ‘double’
/usr/include/c++/7/ostream:224:7: note: candidate: std::basic_ostream<_CharT, _Traits>::__ostream_type& std::basic_ostream<_CharT, _Traits>::operator<<(float) [with _CharT = char; _Traits = std::char_traits<char>; std::basic_ostream<_CharT, _Traits>::__ostream_type = std::basic_ostream<char>]
       operator<<(float __f)
       ^~~~~~~~
/usr/include/c++/7/ostream:224:7: note:   no known conversion for argument 1 from ‘std::vector<char>’ to ‘float’
/usr/include/c++/7/ostream:232:7: note: candidate: std::basic_ostream<_CharT, _Traits>::__ostream_type& std::basic_ostream<_CharT, _Traits>::operator<<(long double) [with _CharT = char; _Traits = std::char_traits<char>; std::basic_ostream<_CharT, _Traits>::__ostream_type = std::basic_ostream<char>]
       operator<<(long double __f)
       ^~~~~~~~
/usr/include/c++/7/ostream:232:7: note:   no known conversion for argument 1 from ‘std::vector<char>’ to ‘long double’
/usr/include/c++/7/ostream:245:7: note: candidate: std::basic_ostream<_CharT, _Traits>::__ostream_type& std::basic_ostream<_CharT, _Traits>::operator<<(const void*) [with _CharT = char; _Traits = std::char_traits<char>; std::basic_ostream<_CharT, _Traits>::__ostream_type = std::basic_ostream<char>]
       operator<<(const void* __p)
       ^~~~~~~~
/usr/include/c++/7/ostream:245:7: note:   no known conversion for argument 1 from ‘std::vector<char>’ to ‘const void*’
In file included from /usr/include/c++/7/ostream:693:0,
                 from /usr/include/c++/7/iostream:39,
                 from ../vector_1.cpp:1:
/usr/include/c++/7/bits/ostream.tcc:119:5: note: candidate: std::basic_ostream<_CharT, _Traits>& std::basic_ostream<_CharT, _Traits>::operator<<(std::basic_ostream<_CharT, _Traits>::__streambuf_type*) [with _CharT = char; _Traits = std::char_traits<char>; std::basic_ostream<_CharT, _Traits>::__streambuf_type = std::basic_streambuf<char>]
     basic_ostream<_CharT, _Traits>::
     ^~~~~~~~~~~~~~~~~~~~~~~~~~~~~~
/usr/include/c++/7/bits/ostream.tcc:119:5: note:   no known conversion for argument 1 from ‘std::vector<char>’ to ‘std::basic_ostream<char>::__streambuf_type* {aka std::basic_streambuf<char>*}’
In file included from /usr/include/c++/7/iostream:39:0,
                 from ../vector_1.cpp:1:
/usr/include/c++/7/ostream:682:5: note: candidate: template<class _Ostream, class _Tp> typename std::enable_if<std::__and_<std::__not_<std::is_lvalue_reference<_Tp> >, std::__is_convertible_to_basic_ostream<_Ostream>, std::__is_insertable<typename std::__is_convertible_to_basic_ostream<_Tp>::__ostream_type, const _Tp&, void> >::value, typename std::__is_convertible_to_basic_ostream<_Tp>::__ostream_type>::type std::operator<<(_Ostream&&, const _Tp&)
     operator<<(_Ostream&& __os, const _Tp& __x)
     ^~~~~~~~
/usr/include/c++/7/ostream:682:5: note:   template argument deduction/substitution failed:
/usr/include/c++/7/ostream: In substitution of ‘template<class _Ostream, class _Tp> typename std::enable_if<std::__and_<std::__not_<std::is_lvalue_reference<_Tp> >, std::__is_convertible_to_basic_ostream<_Ostream>, std::__is_insertable<typename std::__is_convertible_to_basic_ostream<_Tp>::__ostream_type, const _Tp&, void> >::value, typename std::__is_convertible_to_basic_ostream<_Tp>::__ostream_type>::type std::operator<<(_Ostream&&, const _Tp&) [with _Ostream = std::basic_ostream<char>&; _Tp = std::vector<char>]’:
../vector_1.cpp:17:15:   required from here
/usr/include/c++/7/ostream:682:5: error: no type named ‘type’ in ‘struct std::enable_if<false, std::basic_ostream<char>&>’
/usr/include/c++/7/ostream:574:5: note: candidate: template<class _Traits> std::basic_ostream<char, _Traits>& std::operator<<(std::basic_ostream<char, _Traits>&, const unsigned char*)
     operator<<(basic_ostream<char, _Traits>& __out, const unsigned char* __s)
     ^~~~~~~~
/usr/include/c++/7/ostream:574:5: note:   template argument deduction/substitution failed:
../vector_1.cpp:17:15: note:   cannot convert ‘stack’ (type ‘std::vector<char>’) to type ‘const unsigned char*’
  std::cout << stack << std::endl;
               ^~~~~
In file included from /usr/include/c++/7/iostream:39:0,
                 from ../vector_1.cpp:1:
/usr/include/c++/7/ostream:569:5: note: candidate: template<class _Traits> std::basic_ostream<char, _Traits>& std::operator<<(std::basic_ostream<char, _Traits>&, const signed char*)
     operator<<(basic_ostream<char, _Traits>& __out, const signed char* __s)
     ^~~~~~~~
/usr/include/c++/7/ostream:569:5: note:   template argument deduction/substitution failed:
../vector_1.cpp:17:15: note:   cannot convert ‘stack’ (type ‘std::vector<char>’) to type ‘const signed char*’
  std::cout << stack << std::endl;
               ^~~~~
In file included from /usr/include/c++/7/iostream:39:0,
                 from ../vector_1.cpp:1:
/usr/include/c++/7/ostream:556:5: note: candidate: template<class _Traits> std::basic_ostream<char, _Traits>& std::operator<<(std::basic_ostream<char, _Traits>&, const char*)
     operator<<(basic_ostream<char, _Traits>& __out, const char* __s)
     ^~~~~~~~
/usr/include/c++/7/ostream:556:5: note:   template argument deduction/substitution failed:
../vector_1.cpp:17:15: note:   cannot convert ‘stack’ (type ‘std::vector<char>’) to type ‘const char*’
  std::cout << stack << std::endl;
               ^~~~~
In file included from /usr/include/c++/7/ostream:693:0,
                 from /usr/include/c++/7/iostream:39,
                 from ../vector_1.cpp:1:
/usr/include/c++/7/bits/ostream.tcc:321:5: note: candidate: template<class _CharT, class _Traits> std::basic_ostream<_CharT, _Traits>& std::operator<<(std::basic_ostream<_CharT, _Traits>&, const char*)
     operator<<(basic_ostream<_CharT, _Traits>& __out, const char* __s)
     ^~~~~~~~
/usr/include/c++/7/bits/ostream.tcc:321:5: note:   template argument deduction/substitution failed:
../vector_1.cpp:17:15: note:   cannot convert ‘stack’ (type ‘std::vector<char>’) to type ‘const char*’
  std::cout << stack << std::endl;
               ^~~~~
In file included from /usr/include/c++/7/iostream:39:0,
                 from ../vector_1.cpp:1:
/usr/include/c++/7/ostream:539:5: note: candidate: template<class _CharT, class _Traits> std::basic_ostream<_CharT, _Traits>& std::operator<<(std::basic_ostream<_CharT, _Traits>&, const _CharT*)
     operator<<(basic_ostream<_CharT, _Traits>& __out, const _CharT* __s)
     ^~~~~~~~
/usr/include/c++/7/ostream:539:5: note:   template argument deduction/substitution failed:
../vector_1.cpp:17:15: note:   mismatched types ‘const _CharT*’ and ‘std::vector<char>’
  std::cout << stack << std::endl;
               ^~~~~
In file included from /usr/include/c++/7/iostream:39:0,
                 from ../vector_1.cpp:1:
/usr/include/c++/7/ostream:519:5: note: candidate: template<class _Traits> std::basic_ostream<char, _Traits>& std::operator<<(std::basic_ostream<char, _Traits>&, unsigned char)
     operator<<(basic_ostream<char, _Traits>& __out, unsigned char __c)
     ^~~~~~~~
/usr/include/c++/7/ostream:519:5: note:   template argument deduction/substitution failed:
../vector_1.cpp:17:15: note:   cannot convert ‘stack’ (type ‘std::vector<char>’) to type ‘unsigned char’
  std::cout << stack << std::endl;
               ^~~~~
In file included from /usr/include/c++/7/iostream:39:0,
                 from ../vector_1.cpp:1:
/usr/include/c++/7/ostream:514:5: note: candidate: template<class _Traits> std::basic_ostream<char, _Traits>& std::operator<<(std::basic_ostream<char, _Traits>&, signed char)
     operator<<(basic_ostream<char, _Traits>& __out, signed char __c)
     ^~~~~~~~
/usr/include/c++/7/ostream:514:5: note:   template argument deduction/substitution failed:
../vector_1.cpp:17:15: note:   cannot convert ‘stack’ (type ‘std::vector<char>’) to type ‘signed char’
  std::cout << stack << std::endl;
               ^~~~~
In file included from /usr/include/c++/7/iostream:39:0,
                 from ../vector_1.cpp:1:
/usr/include/c++/7/ostream:508:5: note: candidate: template<class _Traits> std::basic_ostream<char, _Traits>& std::operator<<(std::basic_ostream<char, _Traits>&, char)
     operator<<(basic_ostream<char, _Traits>& __out, char __c)
     ^~~~~~~~
/usr/include/c++/7/ostream:508:5: note:   template argument deduction/substitution failed:
../vector_1.cpp:17:15: note:   cannot convert ‘stack’ (type ‘std::vector<char>’) to type ‘char’
  std::cout << stack << std::endl;
               ^~~~~
In file included from /usr/include/c++/7/iostream:39:0,
                 from ../vector_1.cpp:1:
/usr/include/c++/7/ostream:502:5: note: candidate: template<class _CharT, class _Traits> std::basic_ostream<_CharT, _Traits>& std::operator<<(std::basic_ostream<_CharT, _Traits>&, char)
     operator<<(basic_ostream<_CharT, _Traits>& __out, char __c)
     ^~~~~~~~
/usr/include/c++/7/ostream:502:5: note:   template argument deduction/substitution failed:
../vector_1.cpp:17:15: note:   cannot convert ‘stack’ (type ‘std::vector<char>’) to type ‘char’
  std::cout << stack << std::endl;
               ^~~~~
In file included from /usr/include/c++/7/iostream:39:0,
                 from ../vector_1.cpp:1:
/usr/include/c++/7/ostream:497:5: note: candidate: template<class _CharT, class _Traits> std::basic_ostream<_CharT, _Traits>& std::operator<<(std::basic_ostream<_CharT, _Traits>&, _CharT)
     operator<<(basic_ostream<_CharT, _Traits>& __out, _CharT __c)
     ^~~~~~~~
/usr/include/c++/7/ostream:497:5: note:   template argument deduction/substitution failed:
../vector_1.cpp:17:15: note:   deduced conflicting types for parameter ‘_CharT’ (‘char’ and ‘std::vector<char>’)
  std::cout << stack << std::endl;
               ^~~~~
In file included from /usr/include/c++/7/bits/ios_base.h:46:0,
                 from /usr/include/c++/7/ios:42,
                 from /usr/include/c++/7/ostream:38,
                 from /usr/include/c++/7/iostream:39,
                 from ../vector_1.cpp:1:
/usr/include/c++/7/system_error:217:5: note: candidate: template<class _CharT, class _Traits> std::basic_ostream<_CharT, _Traits>& std::operator<<(std::basic_ostream<_CharT, _Traits>&, const std::error_code&)
     operator<<(basic_ostream<_CharT, _Traits>& __os, const error_code& __e)
     ^~~~~~~~
/usr/include/c++/7/system_error:217:5: note:   template argument deduction/substitution failed:
../vector_1.cpp:17:15: note:   cannot convert ‘stack’ (type ‘std::vector<char>’) to type ‘const std::error_code&’
  std::cout << stack << std::endl;
               ^~~~~
In file included from /usr/include/c++/7/string:52:0,
                 from /usr/include/c++/7/bits/locale_classes.h:40,
                 from /usr/include/c++/7/bits/ios_base.h:41,
                 from /usr/include/c++/7/ios:42,
                 from /usr/include/c++/7/ostream:38,
                 from /usr/include/c++/7/iostream:39,
                 from ../vector_1.cpp:1:
/usr/include/c++/7/bits/basic_string.h:6275:5: note: candidate: template<class _CharT, class _Traits, class _Alloc> std::basic_ostream<_CharT, _Traits>& std::operator<<(std::basic_ostream<_CharT, _Traits>&, const std::__cxx11::basic_string<_CharT, _Traits, _Alloc>&)
     operator<<(basic_ostream<_CharT, _Traits>& __os,
     ^~~~~~~~
/usr/include/c++/7/bits/basic_string.h:6275:5: note:   template argument deduction/substitution failed:
../vector_1.cpp:17:15: note:   ‘std::vector<char>’ is not derived from ‘const std::__cxx11::basic_string<_CharT, _Traits, _Alloc>’
  std::cout << stack << std::endl;
               ^~~~~
make: *** [vector_1.o] Error 1
"make all" terminated with exit code 2. Build might be incomplete.
19:54:29 **** Incremental Build of configuration Debug for project algoritm_and_data ****
make all 
Building file: ../vector_1.cpp
Invoking: GCC C++ Compiler
g++ -O0 -g3 -Wall -c -fmessage-length=0 -MMD -MP -MF"vector_1.d" -MT"vector_1.o" -o "vector_1.o" "../vector_1.cpp"
Finished building: ../vector_1.cpp
 
Building target: algoritm_and_data
Invoking: GCC C++ Linker
g++  -o "algoritm_and_data"  ./vector_1.o   
Finished building target: algoritm_and_data
 
21:20:15 **** Incremental Build of configuration Debug for project algoritm_and_data ****
make all 
Building file: ../vector_1.cpp
Invoking: GCC C++ Compiler
g++ -O0 -g3 -Wall -c -fmessage-length=0 -MMD -MP -MF"vector_1.d" -MT"vector_1.o" -o "vector_1.o" "../vector_1.cpp"
Finished building: ../vector_1.cpp
 
Building target: algoritm_and_data
Invoking: GCC C++ Linker
g++  -o "algoritm_and_data"  ./vector_1.o   
Finished building target: algoritm_and_data
 
21:23:10 **** Incremental Build of configuration Debug for project algoritm_and_data ****
make all 
Building file: ../vector_1.cpp
Invoking: GCC C++ Compiler
g++ -O0 -g3 -Wall -c -fmessage-length=0 -MMD -MP -MF"vector_1.d" -MT"vector_1.o" -o "vector_1.o" "../vector_1.cpp"
Finished building: ../vector_1.cpp
 
Building target: algoritm_and_data
Invoking: GCC C++ Linker
g++  -o "algoritm_and_data"  ./vector_1.o   
Finished building target: algoritm_and_data
 
21:24:31 **** Incremental Build of configuration Debug for project algoritm_and_data ****
make all 
Building file: ../vector_1.cpp
Invoking: GCC C++ Compiler
g++ -O0 -g3 -Wall -c -fmessage-length=0 -MMD -MP -MF"vector_1.d" -MT"vector_1.o" -o "vector_1.o" "../vector_1.cpp"
Finished building: ../vector_1.cpp
 
Building target: algoritm_and_data
Invoking: GCC C++ Linker
g++  -o "algoritm_and_data"  ./vector_1.o   
Finished building target: algoritm_and_data
 
21:27:47 **** Incremental Build of configuration Debug for project algoritm_and_data ****
make all 
Building file: ../vector_1.cpp
Invoking: GCC C++ Compiler
g++ -O0 -g3 -Wall -c -fmessage-length=0 -MMD -MP -MF"vector_1.d" -MT"vector_1.o" -o "vector_1.o" "../vector_1.cpp"
Finished building: ../vector_1.cpp
 
Building target: algoritm_and_data
Invoking: GCC C++ Linker
g++  -o "algoritm_and_data"  ./vector_1.o   
Finished building target: algoritm_and_data
 
21:28:03 **** Incremental Build of configuration Debug for project algoritm_and_data ****
make all 
make: Nothing to be done for 'all'.
21:29:13 **** Incremental Build of configuration Debug for project algoritm_and_data ****
make all 
Building file: ../vector_1.cpp
Invoking: GCC C++ Compiler
g++ -O0 -g3 -Wall -c -fmessage-length=0 -MMD -MP -MF"vector_1.d" -MT"vector_1.o" -o "vector_1.o" "../vector_1.cpp"
Finished building: ../vector_1.cpp
 
Building target: algoritm_and_data
Invoking: GCC C++ Linker
g++  -o "algoritm_and_data"  ./vector_1.o   
Finished building target: algoritm_and_data
 
21:29:52 **** Incremental Build of configuration Debug for project algoritm_and_data ****
make all 
Building file: ../vector_1.cpp
Invoking: GCC C++ Compiler
g++ -O0 -g3 -Wall -c -fmessage-length=0 -MMD -MP -MF"vector_1.d" -MT"vector_1.o" -o "vector_1.o" "../vector_1.cpp"
Finished building: ../vector_1.cpp
 
Building target: algoritm_and_data
Invoking: GCC C++ Linker
g++  -o "algoritm_and_data"  ./vector_1.o   
Finished building target: algoritm_and_data
 
21:37:47 **** Incremental Build of configuration Debug for project algoritm_and_data ****
make all 
Building file: ../vector_1.cpp
Invoking: GCC C++ Compiler
g++ -O0 -g3 -Wall -c -fmessage-length=0 -MMD -MP -MF"vector_1.d" -MT"vector_1.o" -o "vector_1.o" "../vector_1.cpp"
Finished building: ../vector_1.cpp
 
Building target: algoritm_and_data
Invoking: GCC C++ Linker
g++  -o "algoritm_and_data"  ./vector_1.o   
Finished building target: algoritm_and_data
 
21:38:15 **** Incremental Build of configuration Debug for project algoritm_and_data ****
make all 
make: Nothing to be done for 'all'.
21:39:13 **** Incremental Build of configuration Debug for project algoritm_and_data ****
make all 
Building file: ../vector_1.cpp
Invoking: GCC C++ Compiler
g++ -O0 -g3 -Wall -c -fmessage-length=0 -MMD -MP -MF"vector_1.d" -MT"vector_1.o" -o "vector_1.o" "../vector_1.cpp"
Finished building: ../vector_1.cpp
 
Building target: algoritm_and_data
Invoking: GCC C++ Linker
g++  -o "algoritm_and_data"  ./vector_1.o   
Finished building target: algoritm_and_data
 
21:42:03 **** Incremental Build of configuration Debug for project algoritm_and_data ****
make all 
Building file: ../vector_1.cpp
Invoking: GCC C++ Compiler
g++ -O0 -g3 -Wall -c -fmessage-length=0 -MMD -MP -MF"vector_1.d" -MT"vector_1.o" -o "vector_1.o" "../vector_1.cpp"
Finished building: ../vector_1.cpp
 
Building target: algoritm_and_data
Invoking: GCC C++ Linker
g++  -o "algoritm_and_data"  ./vector_1.o   
Finished building target: algoritm_and_data
 
21:43:17 **** Incremental Build of configuration Debug for project algoritm_and_data ****
make all 
Building file: ../vector_1.cpp
Invoking: GCC C++ Compiler
g++ -O0 -g3 -Wall -c -fmessage-length=0 -MMD -MP -MF"vector_1.d" -MT"vector_1.o" -o "vector_1.o" "../vector_1.cpp"
Finished building: ../vector_1.cpp
 
Building target: algoritm_and_data
Invoking: GCC C++ Linker
g++  -o "algoritm_and_data"  ./vector_1.o   
Finished building target: algoritm_and_data
 
21:45:03 **** Incremental Build of configuration Debug for project algoritm_and_data ****
make all 
Building file: ../vector_1.cpp
Invoking: GCC C++ Compiler
g++ -O0 -g3 -Wall -c -fmessage-length=0 -MMD -MP -MF"vector_1.d" -MT"vector_1.o" -o "vector_1.o" "../vector_1.cpp"
Finished building: ../vector_1.cpp
 
Building target: algoritm_and_data
Invoking: GCC C++ Linker
g++  -o "algoritm_and_data"  ./vector_1.o   
Finished building target: algoritm_and_data
 
21:45:48 **** Incremental Build of configuration Debug for project algoritm_and_data ****
make all 
Building file: ../vector_1.cpp
Invoking: GCC C++ Compiler
g++ -O0 -g3 -Wall -c -fmessage-length=0 -MMD -MP -MF"vector_1.d" -MT"vector_1.o" -o "vector_1.o" "../vector_1.cpp"
Finished building: ../vector_1.cpp
 
Building target: algoritm_and_data
Invoking: GCC C++ Linker
g++  -o "algoritm_and_data"  ./vector_1.o   
Finished building target: algoritm_and_data
 
14:30:33 **** Build of configuration Debug for project algoritm_and_data ****
make all 
Building file: ../vector_1.cpp
Invoking: GCC C++ Compiler
g++ -O0 -g3 -Wall -c -fmessage-length=0 -MMD -MP -MF"vector_1.d" -MT"vector_1.o" -o "vector_1.o" "../vector_1.cpp"
Finished building: ../vector_1.cpp
 
Building file: ../vector_2.cpp
Invoking: GCC C++ Compiler
g++ -O0 -g3 -Wall -c -fmessage-length=0 -MMD -MP -MF"vector_2.d" -MT"vector_2.o" -o "vector_2.o" "../vector_2.cpp"
Finished building: ../vector_2.cpp
 
Building target: algoritm_and_data
Invoking: GCC C++ Linker
g++  -o "algoritm_and_data"  ./vector_1.o ./vector_2.o   
./vector_2.o: In function `operator new(unsigned long, void*)':
/home/artem/eclipse-workspace/algoritm_and_data/Debug/../vector_2.cpp:8: multiple definition of `main'
makefile:44: recipe for target 'algoritm_and_data' failed
./vector_1.o:/home/artem/eclipse-workspace/algoritm_and_data/Debug/../vector_1.cpp:15: first defined here
collect2: error: ld returned 1 exit status
make: *** [algoritm_and_data] Error 1
"make all" terminated with exit code 2. Build might be incomplete.
14:44:13 **** Build of configuration Debug for project bracket_sequence ****
make all 
Building file: ../main.cpp
Invoking: GCC C++ Compiler
g++ -O0 -g3 -Wall -c -fmessage-length=0 -MMD -MP -MF"main.d" -MT"main.o" -o "main.o" "../main.cpp"
Finished building: ../main.cpp
 
Building target: bracket_sequence
Invoking: GCC C++ Linker
g++  -o "bracket_sequence"  ./main.o   
Finished building target: bracket_sequence
 
14:44:14 **** Clean-only build of configuration Debug for project number_sequence ****
make clean 
rm -rf  ./vector_1.o ./vector_2.o  ./vector_1.d ./vector_2.d  algoritm_and_data
 
14:44:15 **** Build of configuration Debug for project number_sequence ****
make all 
Building file: ../main.cpp
Invoking: GCC C++ Compiler
g++ -O0 -g3 -Wall -c -fmessage-length=0 -MMD -MP -MF"main.d" -MT"main.o" -o "main.o" "../main.cpp"
Finished building: ../main.cpp
 
Building target: number_sequence
Invoking: GCC C++ Linker
g++  -o "number_sequence"  ./main.o   
Finished building target: number_sequence
 
14:44:52 **** Incremental Build of configuration Debug for project number_sequence ****
make all 
make: Nothing to be done for 'all'.
14:45:14 **** Incremental Build of configuration Debug for project number_sequence ****
make all 
make: Nothing to be done for 'all'.
14:46:25 **** Incremental Build of configuration Debug for project number_sequence ****
make all 
make: Nothing to be done for 'all'.
14:50:12 **** Build of configuration Debug for project number_sequence ****
make all 
Building file: ../main.cpp
Invoking: GCC C++ Compiler
g++ -O0 -g3 -Wall -c -fmessage-length=0 -MMD -MP -MF"main.d" -MT"main.o" -o "main.o" "../main.cpp"
Finished building: ../main.cpp
 
Building target: number_sequence
Invoking: GCC C++ Linker
g++  -o "number_sequence"  ./main.o   
Finished building target: number_sequence
 
15:11:15 **** Incremental Build of configuration Debug for project number_sequence ****
make all 
Building file: ../main.cpp
Invoking: GCC C++ Compiler
g++ -O0 -g3 -Wall -c -fmessage-length=0 -MMD -MP -MF"main.d" -MT"main.o" -o "main.o" "../main.cpp"
../main.cpp: In function ‘int main()’:
../main.cpp:18:34: error: variable ‘std::istringstream iss’ has initializer but incomplete type
  std::istringstream iss(input_str);
                                  ^
subdir.mk:18: recipe for target 'main.o' failed
make: *** [main.o] Error 1
"make all" terminated with exit code 2. Build might be incomplete.
15:13:37 **** Incremental Build of configuration Debug for project number_sequence ****
make all 
Building file: ../main.cpp
Invoking: GCC C++ Compiler
g++ -O0 -g3 -Wall -c -fmessage-length=0 -MMD -MP -MF"main.d" -MT"main.o" -o "main.o" "../main.cpp"
Finished building: ../main.cpp
 
Building target: number_sequence
Invoking: GCC C++ Linker
g++  -o "number_sequence"  ./main.o   
Finished building target: number_sequence
 
15:14:32 **** Incremental Build of configuration Debug for project number_sequence ****
make all 
make: Nothing to be done for 'all'.
15:21:14 **** Incremental Build of configuration Debug for project number_sequence ****
make all 
Building file: ../main.cpp
Invoking: GCC C++ Compiler
g++ -O0 -g3 -Wall -c -fmessage-length=0 -MMD -MP -MF"main.d" -MT"main.o" -o "main.o" "../main.cpp"
Finished building: ../main.cpp
 
Building target: number_sequence
Invoking: GCC C++ Linker
g++  -o "number_sequence"  ./main.o   
Finished building target: number_sequence
 
15:28:39 **** Incremental Build of configuration Debug for project number_sequence ****
make all 
Building file: ../main.cpp
Invoking: GCC C++ Compiler
g++ -O0 -g3 -Wall -c -fmessage-length=0 -MMD -MP -MF"main.d" -MT"main.o" -o "main.o" "../main.cpp"
Finished building: ../main.cpp
 
Building target: number_sequence
Invoking: GCC C++ Linker
g++  -o "number_sequence"  ./main.o   
Finished building target: number_sequence
 
15:35:12 **** Incremental Build of configuration Debug for project number_sequence ****
make all 
Building file: ../main.cpp
Invoking: GCC C++ Compiler
g++ -O0 -g3 -Wall -c -fmessage-length=0 -MMD -MP -MF"main.d" -MT"main.o" -o "main.o" "../main.cpp"
../main.cpp: In function ‘int main()’:
../main.cpp:10:15: warning: variable ‘n’ set but not used [-Wunused-but-set-variable]
  unsigned int n;
               ^
Finished building: ../main.cpp
 
Building target: number_sequence
Invoking: GCC C++ Linker
g++  -o "number_sequence"  ./main.o   
Finished building target: number_sequence
 
15:35:36 **** Incremental Build of configuration Debug for project number_sequence ****
make all 
make: Nothing to be done for 'all'.
23:00:07 **** Build of configuration Debug for project number_sequence ****
make all 
Building file: ../main.cpp
Invoking: GCC C++ Compiler
g++ -O0 -g3 -Wall -c -fmessage-length=0 -MMD -MP -MF"main.d" -MT"main.o" -o "main.o" "../main.cpp"
../main.cpp: In function ‘int main()’:
../main.cpp:10:15: warning: variable ‘n’ set but not used [-Wunused-but-set-variable]
  unsigned int n;
               ^
Finished building: ../main.cpp
 
Building target: number_sequence
Invoking: GCC C++ Linker
g++  -o "number_sequence"  ./main.o   
Finished building target: number_sequence
 
23:34:36 **** Incremental Build of configuration Debug for project number_sequence ****
make all 
Building file: ../main.cpp
Invoking: GCC C++ Compiler
g++ -O0 -g3 -Wall -c -fmessage-length=0 -MMD -MP -MF"main.d" -MT"main.o" -o "main.o" "../main.cpp"
Finished building: ../main.cpp
 
Building target: number_sequence
Invoking: GCC C++ Linker
g++  -o "number_sequence"  ./main.o   
Finished building target: number_sequence
 
23:37:36 **** Incremental Build of configuration Debug for project number_sequence ****
make all 
Building file: ../main.cpp
Invoking: GCC C++ Compiler
g++ -O0 -g3 -Wall -c -fmessage-length=0 -MMD -MP -MF"main.d" -MT"main.o" -o "main.o" "../main.cpp"
../main.cpp: In function ‘bool more_than_top(std::vector<unsigned int>&, int)’:
../main.cpp:11:9: warning: comparison between signed and unsigned integer expressions [-Wsign-compare]
   if (a > stack[stack.size() - 1]) {
Finished building: ../main.cpp
 
Building target: number_sequence
Invoking: GCC C++ Linker
g++  -o "number_sequence"  ./main.o   
Finished building target: number_sequence
 
23:44:36 **** Incremental Build of configuration Debug for project number_sequence ****
make all 
Building file: ../main.cpp
Invoking: GCC C++ Compiler
g++ -O0 -g3 -Wall -c -fmessage-length=0 -MMD -MP -MF"main.d" -MT"main.o" -o "main.o" "../main.cpp"
Finished building: ../main.cpp
 
Building target: number_sequence
Invoking: GCC C++ Linker
g++  -o "number_sequence"  ./main.o   
Finished building target: number_sequence
 
23:46:22 **** Incremental Build of configuration Debug for project number_sequence ****
make all 
make: Nothing to be done for 'all'.
23:48:41 **** Incremental Build of configuration Debug for project number_sequence ****
make all 
Building file: ../main.cpp
Invoking: GCC C++ Compiler
g++ -O0 -g3 -Wall -c -fmessage-length=0 -MMD -MP -MF"main.d" -MT"main.o" -o "main.o" "../main.cpp"
Finished building: ../main.cpp
 
Building target: number_sequence
Invoking: GCC C++ Linker
g++  -o "number_sequence"  ./main.o   
Finished building target: number_sequence
 
23:48:48 **** Incremental Build of configuration Debug for project number_sequence ****
make all 
make: Nothing to be done for 'all'.
23:54:08 **** Incremental Build of configuration Debug for project bracket_sequence ****
make all 
Building file: ../main.cpp
Invoking: GCC C++ Compiler
g++ -O0 -g3 -Wall -c -fmessage-length=0 -MMD -MP -MF"main.d" -MT"main.o" -o "main.o" "../main.cpp"
Finished building: ../main.cpp
 
Building target: bracket_sequence
Invoking: GCC C++ Linker
g++  -o "bracket_sequence"  ./main.o   
Finished building target: bracket_sequence
 
14:11:38 **** Build of configuration Debug for project sort ****
make all 
Building file: ../main.cpp
Invoking: GCC C++ Compiler
g++ -O0 -g3 -Wall -c -fmessage-length=0 -MMD -MP -MF"main.d" -MT"main.o" -o "main.o" "../main.cpp"
Finished building: ../main.cpp
 
Building target: sort
Invoking: GCC C++ Linker
g++  -o "sort"  ./main.o   
Finished building target: sort
 
14:12:03 **** Incremental Build of configuration Debug for project sort ****
make all 
make: Nothing to be done for 'all'.
14:25:06 **** Incremental Build of configuration Debug for project sort ****
make all 
Building file: ../main.cpp
Invoking: GCC C++ Compiler
g++ -O0 -g3 -Wall -c -fmessage-length=0 -MMD -MP -MF"main.d" -MT"main.o" -o "main.o" "../main.cpp"
Finished building: ../main.cpp
 
Building target: sort
Invoking: GCC C++ Linker
g++  -o "sort"  ./main.o   
Finished building target: sort
 
14:25:25 **** Incremental Build of configuration Debug for project sort ****
make all 
make: Nothing to be done for 'all'.
14:28:36 **** Incremental Build of configuration Debug for project sort ****
make all 
Building file: ../main.cpp
Invoking: GCC C++ Compiler
g++ -O0 -g3 -Wall -c -fmessage-length=0 -MMD -MP -MF"main.d" -MT"main.o" -o "main.o" "../main.cpp"
Finished building: ../main.cpp
 
Building target: sort
Invoking: GCC C++ Linker
g++  -o "sort"  ./main.o   
Finished building target: sort
 
14:28:43 **** Incremental Build of configuration Debug for project sort ****
make all 
make: Nothing to be done for 'all'.
14:57:12 **** Incremental Build of configuration Debug for project sort ****
make all 
Building file: ../main.cpp
Invoking: GCC C++ Compiler
g++ -O0 -g3 -Wall -c -fmessage-length=0 -MMD -MP -MF"main.d" -MT"main.o" -o "main.o" "../main.cpp"
Finished building: ../main.cpp
 
Building target: sort
Invoking: GCC C++ Linker
g++  -o "sort"  ./main.o   
Finished building target: sort
 
14:57:18 **** Incremental Build of configuration Debug for project sort ****
make all 
make: Nothing to be done for 'all'.
14:59:22 **** Incremental Build of configuration Debug for project sort ****
make all 
Building file: ../main.cpp
Invoking: GCC C++ Compiler
g++ -O0 -g3 -Wall -c -fmessage-length=0 -MMD -MP -MF"main.d" -MT"main.o" -o "main.o" "../main.cpp"
Finished building: ../main.cpp
 
Building target: sort
Invoking: GCC C++ Linker
g++  -o "sort"  ./main.o   
Finished building target: sort
 
14:59:30 **** Incremental Build of configuration Debug for project sort ****
make all 
make: Nothing to be done for 'all'.
15:01:26 **** Incremental Build of configuration Debug for project sort ****
make all 
Building file: ../main.cpp
Invoking: GCC C++ Compiler
g++ -O0 -g3 -Wall -c -fmessage-length=0 -MMD -MP -MF"main.d" -MT"main.o" -o "main.o" "../main.cpp"
Finished building: ../main.cpp
 
Building target: sort
Invoking: GCC C++ Linker
g++  -o "sort"  ./main.o   
Finished building target: sort
 
15:01:31 **** Incremental Build of configuration Debug for project sort ****
make all 
make: Nothing to be done for 'all'.
17:34:19 **** Build of configuration Debug for project sort ****
make all 
Building file: ../main.cpp
Invoking: GCC C++ Compiler
g++ -O0 -g3 -Wall -c -fmessage-length=0 -MMD -MP -MF"main.d" -MT"main.o" -o "main.o" "../main.cpp"
Finished building: ../main.cpp
 
Building target: sort
Invoking: GCC C++ Linker
g++  -o "sort"  ./main.o   
Finished building target: sort
 
17:34:24 **** Incremental Build of configuration Debug for project sort ****
make all 
make: Nothing to be done for 'all'.
17:34:32 **** Incremental Build of configuration Debug for project sort ****
make all 
make: Nothing to be done for 'all'.
17:40:39 **** Incremental Build of configuration Debug for project sort ****
make all 
Building file: ../main.cpp
Invoking: GCC C++ Compiler
g++ -O0 -g3 -Wall -c -fmessage-length=0 -MMD -MP -MF"main.d" -MT"main.o" -o "main.o" "../main.cpp"
../main.cpp: In function ‘int main()’:
../main.cpp:29:13: error: invalid conversion from ‘clock_t (*)() throw () {aka long int (*)() throw ()}’ to ‘unsigned int’ [-fpermissive]
  end_time = clock;
             ^~~~~
subdir.mk:18: recipe for target 'main.o' failed
make: *** [main.o] Error 1
"make all" terminated with exit code 2. Build might be incomplete.
17:40:48 **** Incremental Build of configuration Debug for project sort ****
make all 
Building file: ../main.cpp
Invoking: GCC C++ Compiler
g++ -O0 -g3 -Wall -c -fmessage-length=0 -MMD -MP -MF"main.d" -MT"main.o" -o "main.o" "../main.cpp"
Finished building: ../main.cpp
 
Building target: sort
Invoking: GCC C++ Linker
g++  -o "sort"  ./main.o   
Finished building target: sort
 
17:41:11 **** Incremental Build of configuration Debug for project sort ****
make all 
make: Nothing to be done for 'all'.
17:43:00 **** Incremental Build of configuration Debug for project sort ****
make all 
Building file: ../main.cpp
Invoking: GCC C++ Compiler
g++ -O0 -g3 -Wall -c -fmessage-length=0 -MMD -MP -MF"main.d" -MT"main.o" -o "main.o" "../main.cpp"
Finished building: ../main.cpp
 
Building target: sort
Invoking: GCC C++ Linker
g++  -o "sort"  ./main.o   
Finished building target: sort
 
17:43:12 **** Incremental Build of configuration Debug for project sort ****
make all 
make: Nothing to be done for 'all'.
18:11:06 **** Incremental Build of configuration Debug for project sort ****
make all 
Building file: ../main.cpp
Invoking: GCC C++ Compiler
g++ -O0 -g3 -Wall -c -fmessage-length=0 -MMD -MP -MF"main.d" -MT"main.o" -o "main.o" "../main.cpp"
Finished building: ../main.cpp
 
Building target: sort
Invoking: GCC C++ Linker
g++  -o "sort"  ./main.o   
Finished building target: sort
 
18:11:11 **** Incremental Build of configuration Debug for project sort ****
make all 
make: Nothing to be done for 'all'.
18:12:06 **** Incremental Build of configuration Debug for project sort ****
make all 
make: Nothing to be done for 'all'.
18:12:18 **** Incremental Build of configuration Debug for project sort ****
make all 
make: Nothing to be done for 'all'.
18:14:55 **** Incremental Build of configuration Debug for project sort ****
make all 
make: Nothing to be done for 'all'.
18:17:11 **** Incremental Build of configuration Debug for project sort ****
make all 
Building file: ../main.cpp
Invoking: GCC C++ Compiler
g++ -O0 -g3 -Wall -c -fmessage-length=0 -MMD -MP -MF"main.d" -MT"main.o" -o "main.o" "../main.cpp"
Finished building: ../main.cpp
 
Building target: sort
Invoking: GCC C++ Linker
g++  -o "sort"  ./main.o   
Finished building target: sort
 
18:17:17 **** Incremental Build of configuration Debug for project sort ****
make all 
make: Nothing to be done for 'all'.
18:19:45 **** Incremental Build of configuration Debug for project sort ****
make all 
Building file: ../main.cpp
Invoking: GCC C++ Compiler
g++ -O0 -g3 -Wall -c -fmessage-length=0 -MMD -MP -MF"main.d" -MT"main.o" -o "main.o" "../main.cpp"
Finished building: ../main.cpp
 
Building target: sort
Invoking: GCC C++ Linker
g++  -o "sort"  ./main.o   
Finished building target: sort
 
18:19:51 **** Incremental Build of configuration Debug for project sort ****
make all 
make: Nothing to be done for 'all'.
18:20:21 **** Incremental Build of configuration Debug for project sort ****
make all 
Building file: ../main.cpp
Invoking: GCC C++ Compiler
g++ -O0 -g3 -Wall -c -fmessage-length=0 -MMD -MP -MF"main.d" -MT"main.o" -o "main.o" "../main.cpp"
Finished building: ../main.cpp
 
Building target: sort
Invoking: GCC C++ Linker
g++  -o "sort"  ./main.o   
Finished building target: sort
 
18:20:25 **** Incremental Build of configuration Debug for project sort ****
make all 
make: Nothing to be done for 'all'.
